<testsuite errors="0" failures="0" name="Django Project Tests" skips="0" tests="84" time="4.800"><testcase classname="obrisk.classifieds.tests.test_models.ClassifiedsModelsTest" name="test_object_instance" time="0.031376" /><testcase classname="obrisk.classifieds.tests.test_models.ClassifiedsModelsTest" name="test_return_values" time="0.017488" /><testcase classname="obrisk.classifieds.tests.test_views.ClassifiedsViewsTest" name="test_create_classified" time="0.298885" /><testcase classname="obrisk.classifieds.tests.test_views.ClassifiedsViewsTest" name="test_draft_classified" time="0.153604" /><testcase classname="obrisk.classifieds.tests.test_views.ClassifiedsViewsTest" name="test_error_404" time="0.094365" /><testcase classname="obrisk.classifieds.tests.test_views.ClassifiedsViewsTest" name="test_index_classifieds" time="0.141755" /><testcase classname="obrisk.classifieds.tests.test_views.ClassifiedsViewsTest" name="test_single_classified" time="0.138439" /><testcase classname="obrisk.messager.tests.test_models.MessagerModelsTest" name="test_conversation" time="0.023732" /><testcase classname="obrisk.messager.tests.test_models.MessagerModelsTest" name="test_object_instance" time="0.016418" /><testcase classname="obrisk.messager.tests.test_models.MessagerModelsTest" name="test_return_values" time="0.021279" /><testcase classname="obrisk.messager.tests.test_models.MessagerModelsTest" name="test_sending_new_message" time="0.073012" /><testcase classname="obrisk.messager.tests.test_models.MessagerModelsTest" name="test_single_marking_as_read" time="0.019106" /><testcase classname="obrisk.messager.tests.test_views.MessagerViewsTests" name="test_message_reception_view" time="0.112158" /><testcase classname="obrisk.messager.tests.test_views.MessagerViewsTests" name="test_send_message_view" time="0.100068" /><testcase classname="obrisk.messager.tests.test_views.MessagerViewsTests" name="test_wrong_request_recieve_message_view" time="0.092129" /><testcase classname="obrisk.messager.tests.test_views.MessagerViewsTests" name="test_wrong_requests_send_message" time="0.109930" /><testcase classname="obrisk.notifications.tests.test_models.NotificationsModelsTest" name="test_get_most_recent" time="0.030942" /><testcase classname="obrisk.notifications.tests.test_models.NotificationsModelsTest" name="test_global_notification" time="0.038012" /><testcase classname="obrisk.notifications.tests.test_models.NotificationsModelsTest" name="test_list_notification" time="0.025276" /><testcase classname="obrisk.notifications.tests.test_models.NotificationsModelsTest" name="test_mark_all_as_read" time="0.033870" /><testcase classname="obrisk.notifications.tests.test_models.NotificationsModelsTest" name="test_mark_as_read_and_return" time="0.024726" /><testcase classname="obrisk.notifications.tests.test_models.NotificationsModelsTest" name="test_return_unread" time="0.021013" /><testcase classname="obrisk.notifications.tests.test_models.NotificationsModelsTest" name="test_return_values" time="0.022987" /><testcase classname="obrisk.notifications.tests.test_models.NotificationsModelsTest" name="test_single_notification" time="0.039342" /><testcase classname="obrisk.notifications.tests.test_views.StoriesViewsTest" name="test_latest_notifications" time="0.089354" /><testcase classname="obrisk.notifications.tests.test_views.StoriesViewsTest" name="test_mark_all_as_read" time="0.092463" /><testcase classname="obrisk.notifications.tests.test_views.StoriesViewsTest" name="test_mark_as_read" time="0.077439" /><testcase classname="obrisk.notifications.tests.test_views.StoriesViewsTest" name="test_notification_list" time="0.078940" /><testcase classname="obrisk.posts.tests.test_models.PostsModelsTest" name="test_object_instance" time="0.020125" /><testcase classname="obrisk.posts.tests.test_models.PostsModelsTest" name="test_return_values" time="0.023239" /><testcase classname="obrisk.posts.tests.test_views.PostsViewsTest" name="test_create_Post" time="0.197203" /><testcase classname="obrisk.posts.tests.test_views.PostsViewsTest" name="test_draft_Post" time="0.145520" /><testcase classname="obrisk.posts.tests.test_views.PostsViewsTest" name="test_error_404" time="0.078722" /><testcase classname="obrisk.posts.tests.test_views.PostsViewsTest" name="test_index_posts" time="0.081307" /><testcase classname="obrisk.posts.tests.test_views.PostsViewsTest" name="test_single_Post" time="0.091510" /><testcase classname="obrisk.qa.tests.test_models.QAModelsTest" name="test_answer_accept_method" time="0.018272" /><testcase classname="obrisk.qa.tests.test_models.QAModelsTest" name="test_answer_return_value" time="0.013200" /><testcase classname="obrisk.qa.tests.test_models.QAModelsTest" name="test_can_vote_answer" time="0.030574" /><testcase classname="obrisk.qa.tests.test_models.QAModelsTest" name="test_can_vote_question" time="0.028785" /><testcase classname="obrisk.qa.tests.test_models.QAModelsTest" name="test_get_answern_voters" time="0.043008" /><testcase classname="obrisk.qa.tests.test_models.QAModelsTest" name="test_get_question_voters" time="0.033956" /><testcase classname="obrisk.qa.tests.test_models.QAModelsTest" name="test_question_accepted_answer" time="0.022937" /><testcase classname="obrisk.qa.tests.test_models.QAModelsTest" name="test_question_answer_count" time="0.013821" /><testcase classname="obrisk.qa.tests.test_models.QAModelsTest" name="test_question_answered_question" time="0.013463" /><testcase classname="obrisk.qa.tests.test_models.QAModelsTest" name="test_question_answers_returns" time="0.011845" /><testcase classname="obrisk.qa.tests.test_models.QAModelsTest" name="test_question_non_answered_question" time="0.022697" /><testcase classname="obrisk.qa.tests.test_models.QAModelsTest" name="test_question_str_return_value" time="0.013815" /><testcase classname="obrisk.qa.tests.test_views.QAViewsTest" name="test_accept_answer" time="0.066268" /><testcase classname="obrisk.qa.tests.test_views.QAViewsTest" name="test_answer_downvote" time="0.065495" /><testcase classname="obrisk.qa.tests.test_views.QAViewsTest" name="test_answer_question" time="0.072404" /><testcase classname="obrisk.qa.tests.test_views.QAViewsTest" name="test_answer_upvote" time="0.074026" /><testcase classname="obrisk.qa.tests.test_views.QAViewsTest" name="test_answered_questions" time="0.095551" /><testcase classname="obrisk.qa.tests.test_views.QAViewsTest" name="test_create_question_view" time="0.080970" /><testcase classname="obrisk.qa.tests.test_views.QAViewsTest" name="test_index_questions" time="0.088409" /><testcase classname="obrisk.qa.tests.test_views.QAViewsTest" name="test_question_downvote" time="0.074509" /><testcase classname="obrisk.qa.tests.test_views.QAViewsTest" name="test_question_upvote" time="0.074244" /><testcase classname="obrisk.qa.tests.test_views.QAViewsTest" name="test_unanswered_questions" time="0.079358" /><testcase classname="obrisk.search.tests.test_views.SearchViewsTests" name="test_questions_suggestions_results" time="0.064126" /><testcase classname="obrisk.search.tests.test_views.SearchViewsTests" name="test_stories_search_results" time="0.119509" /><testcase classname="obrisk.stories.tests.test_models.StoriesModelsTest" name="test_reply_this" time="0.039822" /><testcase classname="obrisk.stories.tests.test_models.StoriesModelsTest" name="test_switch_like" time="0.045348" /><testcase classname="obrisk.stories.tests.test_views.StoriesViewsTest" name="test_delete_stories" time="0.072551" /><testcase classname="obrisk.stories.tests.test_views.StoriesViewsTest" name="test_like_stories" time="0.086771" /><testcase classname="obrisk.stories.tests.test_views.StoriesViewsTest" name="test_post_stories" time="0.076797" /><testcase classname="obrisk.stories.tests.test_views.StoriesViewsTest" name="test_posting_comments" time="0.084490" /><testcase classname="obrisk.stories.tests.test_views.StoriesViewsTest" name="test_stories_list" time="0.104460" /><testcase classname="obrisk.stories.tests.test_views.StoriesViewsTest" name="test_thread" time="0.089150" /><testcase classname="obrisk.stories.tests.test_views.StoriesViewsTest" name="test_updating_interactions" time="0.136455" /><testcase classname="obrisk.users.tests.test_admin.TestMyUserCreationForm" name="test_clean_username_false" time="0.019166" /><testcase classname="obrisk.users.tests.test_admin.TestMyUserCreationForm" name="test_clean_username_success" time="0.011627" /><testcase classname="obrisk.users.tests.test_models.TestUser" name="test__str__" time="0.007240" /><testcase classname="obrisk.users.tests.test_models.TestUser" name="test_get_absolute_url" time="0.005848" /><testcase classname="obrisk.users.tests.test_models.TestUser" name="test_get_profile_name" time="0.004489" /><testcase classname="obrisk.users.tests.test_urls.TestUserURLs" name="test_detail_resolve" time="0.004506" /><testcase classname="obrisk.users.tests.test_urls.TestUserURLs" name="test_detail_reverse" time="0.004915" /><testcase classname="obrisk.users.tests.test_urls.TestUserURLs" name="test_list_resolve" time="0.003837" /><testcase classname="obrisk.users.tests.test_urls.TestUserURLs" name="test_list_reverse" time="0.004048" /><testcase classname="obrisk.users.tests.test_urls.TestUserURLs" name="test_redirect_resolve" time="0.006485" /><testcase classname="obrisk.users.tests.test_urls.TestUserURLs" name="test_redirect_reverse" time="0.003881" /><testcase classname="obrisk.users.tests.test_urls.TestUserURLs" name="test_update_resolve" time="0.003972" /><testcase classname="obrisk.users.tests.test_urls.TestUserURLs" name="test_update_reverse" time="0.013413" /><testcase classname="obrisk.users.tests.test_views.TestUserRedirectView" name="test_get_redirect_url" time="0.012041" /><testcase classname="obrisk.users.tests.test_views.TestUserUpdateView" name="test_get_object" time="0.008845" /><testcase classname="obrisk.users.tests.test_views.TestUserUpdateView" name="test_get_success_url" time="0.006335" /></testsuite>